2024-12-12 15:37:16,323 - Création détectée : C:\Users\Houéfa\Documents\Code python\DOSSIER\11781ec947.jpeg
2024-12-12 15:37:16,324 - Modification détectée : C:\Users\Houéfa\Documents\Code python\DOSSIER\11781ec947.jpeg
2024-12-12 15:37:16,332 - Modification détectée : C:\Users\Houéfa\Documents\Code python\DOSSIER\11781ec947.jpeg
2024-12-12 15:37:16,333 - Modification détectée : C:\Users\Houéfa\Documents\Code python\DOSSIER\11781ec947.jpeg
2024-12-12 15:37:16,333 - Modification détectée : C:\Users\Houéfa\Documents\Code python\DOSSIER\11781ec947.jpeg
2024-12-12 15:37:16,334 - Modification détectée : C:\Users\Houéfa\Documents\Code python\DOSSIER\11781ec947.jpeg
2024-12-12 15:37:36,996 - Suppression détectée : C:\Users\Houéfa\Documents\Code python\DOSSIER\11781ec947.jpeg
2024-12-12 15:37:36,997 - Création détectée : C:\Users\Houéfa\Documents\Code python\DOSSIER\jpeg\11781ec947.jpeg
2024-12-12 15:37:36,997 - Modification détectée : C:\Users\Houéfa\Documents\Code python\DOSSIER\jpeg\11781ec947.jpeg
2024-12-12 15:38:21,113 - Création détectée : C:\Users\Houéfa\Documents\Code python\DOSSIER\b1252a6e05.jpeg
2024-12-12 15:38:21,113 - Modification détectée : C:\Users\Houéfa\Documents\Code python\DOSSIER\b1252a6e05.jpeg
2024-12-12 15:38:21,121 - Modification détectée : C:\Users\Houéfa\Documents\Code python\DOSSIER\b1252a6e05.jpeg
2024-12-12 15:38:21,123 - Modification détectée : C:\Users\Houéfa\Documents\Code python\DOSSIER\b1252a6e05.jpeg
2024-12-12 15:38:21,123 - Modification détectée : C:\Users\Houéfa\Documents\Code python\DOSSIER\b1252a6e05.jpeg
2024-12-12 15:38:21,123 - Modification détectée : C:\Users\Houéfa\Documents\Code python\DOSSIER\b1252a6e05.jpeg
2024-12-12 15:38:34,243 - Suppression détectée : C:\Users\Houéfa\Documents\Code python\DOSSIER\b1252a6e05.jpeg
2024-12-12 15:38:34,244 - Création détectée : C:\Users\Houéfa\Documents\Code python\DOSSIER\jpeg\b1252a6e05.jpeg
2024-12-12 15:38:34,244 - Modification détectée : C:\Users\Houéfa\Documents\Code python\DOSSIER\jpeg\b1252a6e05.jpeg
2024-12-12 15:41:58,809 - Création détectée : C:\Users\Houéfa\Documents\Code python\DOSSIER\jpeg\Projet4.py
2024-12-12 15:42:09,308 - Suppression détectée : C:\Users\Houéfa\Documents\Code python\DOSSIER\jpeg\Projet4.py
